This file contains any messages produced by compilers while
running configure, to aid debugging if configure makes a mistake.

It was created by htop configure 2.0.1, which was
generated by GNU Autoconf 2.69.  Invocation command line was

  $ ./configure 

## --------- ##
## Platform. ##
## --------- ##

hostname = tbc
uname -m = x86_64
uname -r = 4.13.0-37-generic
uname -s = Linux
uname -v = #42~16.04.1-Ubuntu SMP Wed Mar 7 16:03:28 UTC 2018

/usr/bin/uname -p = unknown
/bin/uname -X     = unknown

/bin/arch              = unknown
/usr/bin/arch -k       = unknown
/usr/convex/getsysinfo = unknown
/usr/bin/hostinfo      = unknown
/bin/machine           = unknown
/usr/bin/oslevel       = unknown
/bin/universe          = unknown

PATH: /usr/local/sbin
PATH: /usr/local/bin
PATH: /usr/sbin
PATH: /usr/bin
PATH: /sbin
PATH: /bin
PATH: /snap/bin


## ----------- ##
## Core tests. ##
## ----------- ##

configure:2405: checking for gcc
configure:2421: found /usr/bin/gcc
configure:2432: result: gcc
configure:2661: checking for C compiler version
configure:2670: gcc --version >&5
gcc (Ubuntu 5.4.0-6ubuntu1~16.04.9) 5.4.0 20160609
Copyright (C) 2015 Free Software Foundation, Inc.
This is free software; see the source for copying conditions.  There is NO
warranty; not even for MERCHANTABILITY or FITNESS FOR A PARTICULAR PURPOSE.

configure:2681: $? = 0
configure:2670: gcc -v >&5
Using built-in specs.
COLLECT_GCC=gcc
COLLECT_LTO_WRAPPER=/usr/lib/gcc/x86_64-linux-gnu/5/lto-wrapper
Target: x86_64-linux-gnu
Configured with: ../src/configure -v --with-pkgversion='Ubuntu 5.4.0-6ubuntu1~16.04.9' --with-bugurl=file:///usr/share/doc/gcc-5/README.Bugs --enable-languages=c,ada,c++,java,go,d,fortran,objc,obj-c++ --prefix=/usr --program-suffix=-5 --enable-shared --enable-linker-build-id --libexecdir=/usr/lib --without-included-gettext --enable-threads=posix --libdir=/usr/lib --enable-nls --with-sysroot=/ --enable-clocale=gnu --enable-libstdcxx-debug --enable-libstdcxx-time=yes --with-default-libstdcxx-abi=new --enable-gnu-unique-object --disable-vtable-verify --enable-libmpx --enable-plugin --with-system-zlib --disable-browser-plugin --enable-java-awt=gtk --enable-gtk-cairo --with-java-home=/usr/lib/jvm/java-1.5.0-gcj-5-amd64/jre --enable-java-home --with-jvm-root-dir=/usr/lib/jvm/java-1.5.0-gcj-5-amd64 --with-jvm-jar-dir=/usr/lib/jvm-exports/java-1.5.0-gcj-5-amd64 --with-arch-directory=amd64 --with-ecj-jar=/usr/share/java/eclipse-ecj.jar --enable-objc-gc --enable-multiarch --disable-werror --with-arch-32=i686 --with-abi=m64 --with-multilib-list=m32,m64,mx32 --enable-multilib --with-tune=generic --enable-checking=release --build=x86_64-linux-gnu --host=x86_64-linux-gnu --target=x86_64-linux-gnu
Thread model: posix
gcc version 5.4.0 20160609 (Ubuntu 5.4.0-6ubuntu1~16.04.9) 
configure:2681: $? = 0
configure:2670: gcc -V >&5
gcc: error: unrecognized command line option '-V'
gcc: fatal error: no input files
compilation terminated.
configure:2681: $? = 1
configure:2670: gcc -qversion >&5
gcc: error: unrecognized command line option '-qversion'
gcc: fatal error: no input files
compilation terminated.
configure:2681: $? = 1
configure:2701: checking whether the C compiler works
configure:2723: gcc    conftest.c  >&5
configure:2727: $? = 0
configure:2775: result: yes
configure:2778: checking for C compiler default output file name
configure:2780: result: a.out
configure:2786: checking for suffix of executables
configure:2793: gcc -o conftest    conftest.c  >&5
configure:2797: $? = 0
configure:2819: result: 
configure:2841: checking whether we are cross compiling
configure:2849: gcc -o conftest    conftest.c  >&5
configure:2853: $? = 0
configure:2860: ./conftest
configure:2864: $? = 0
configure:2879: result: no
configure:2884: checking for suffix of object files
configure:2906: gcc -c   conftest.c >&5
configure:2910: $? = 0
configure:2931: result: o
configure:2935: checking whether we are using the GNU C compiler
configure:2954: gcc -c   conftest.c >&5
configure:2954: $? = 0
configure:2963: result: yes
configure:2972: checking whether gcc accepts -g
configure:2992: gcc -c -g  conftest.c >&5
configure:2992: $? = 0
configure:3033: result: yes
configure:3050: checking for gcc option to accept ISO C89
configure:3113: gcc  -c -g -O2  conftest.c >&5
configure:3113: $? = 0
configure:3126: result: none needed
configure:3151: checking whether gcc understands -c and -o together
configure:3173: gcc -c conftest.c -o conftest2.o
configure:3176: $? = 0
configure:3173: gcc -c conftest.c -o conftest2.o
configure:3176: $? = 0
configure:3188: result: yes
configure:3211: checking how to run the C preprocessor
configure:3242: gcc -E  conftest.c
configure:3242: $? = 0
configure:3256: gcc -E  conftest.c
conftest.c:9:28: fatal error: ac_nonexistent.h: No such file or directory
compilation terminated.
configure:3256: $? = 1
configure: failed program was:
| /* confdefs.h */
| #define PACKAGE_NAME "htop"
| #define PACKAGE_TARNAME "htop"
| #define PACKAGE_VERSION "2.0.1"
| #define PACKAGE_STRING "htop 2.0.1"
| #define PACKAGE_BUGREPORT "hisham@gobolinux.org"
| #define PACKAGE_URL ""
| /* end confdefs.h.  */
| #include <ac_nonexistent.h>
configure:3281: result: gcc -E
configure:3301: gcc -E  conftest.c
configure:3301: $? = 0
configure:3315: gcc -E  conftest.c
conftest.c:9:28: fatal error: ac_nonexistent.h: No such file or directory
compilation terminated.
configure:3315: $? = 1
configure: failed program was:
| /* confdefs.h */
| #define PACKAGE_NAME "htop"
| #define PACKAGE_TARNAME "htop"
| #define PACKAGE_VERSION "2.0.1"
| #define PACKAGE_STRING "htop 2.0.1"
| #define PACKAGE_BUGREPORT "hisham@gobolinux.org"
| #define PACKAGE_URL ""
| /* end confdefs.h.  */
| #include <ac_nonexistent.h>
configure:3344: checking for grep that handles long lines and -e
configure:3402: result: /bin/grep
configure:3407: checking for egrep
configure:3469: result: /bin/grep -E
configure:3474: checking for ANSI C header files
configure:3494: gcc -c -g -O2  conftest.c >&5
configure:3494: $? = 0
configure:3567: gcc -o conftest -g -O2   conftest.c  >&5
configure:3567: $? = 0
configure:3567: ./conftest
configure:3567: $? = 0
configure:3578: result: yes
configure:3591: checking for sys/types.h
configure:3591: gcc -c -g -O2  conftest.c >&5
configure:3591: $? = 0
configure:3591: result: yes
configure:3591: checking for sys/stat.h
configure:3591: gcc -c -g -O2  conftest.c >&5
configure:3591: $? = 0
configure:3591: result: yes
configure:3591: checking for stdlib.h
configure:3591: gcc -c -g -O2  conftest.c >&5
configure:3591: $? = 0
configure:3591: result: yes
configure:3591: checking for string.h
configure:3591: gcc -c -g -O2  conftest.c >&5
configure:3591: $? = 0
configure:3591: result: yes
configure:3591: checking for memory.h
configure:3591: gcc -c -g -O2  conftest.c >&5
configure:3591: $? = 0
configure:3591: result: yes
configure:3591: checking for strings.h
configure:3591: gcc -c -g -O2  conftest.c >&5
configure:3591: $? = 0
configure:3591: result: yes
configure:3591: checking for inttypes.h
configure:3591: gcc -c -g -O2  conftest.c >&5
configure:3591: $? = 0
configure:3591: result: yes
configure:3591: checking for stdint.h
configure:3591: gcc -c -g -O2  conftest.c >&5
configure:3591: $? = 0
configure:3591: result: yes
configure:3591: checking for unistd.h
configure:3591: gcc -c -g -O2  conftest.c >&5
configure:3591: $? = 0
configure:3591: result: yes
configure:3604: checking minix/config.h usability
configure:3604: gcc -c -g -O2  conftest.c >&5
conftest.c:52:26: fatal error: minix/config.h: No such file or directory
compilation terminated.
configure:3604: $? = 1
configure: failed program was:
| /* confdefs.h */
| #define PACKAGE_NAME "htop"
| #define PACKAGE_TARNAME "htop"
| #define PACKAGE_VERSION "2.0.1"
| #define PACKAGE_STRING "htop 2.0.1"
| #define PACKAGE_BUGREPORT "hisham@gobolinux.org"
| #define PACKAGE_URL ""
| #define STDC_HEADERS 1
| #define HAVE_SYS_TYPES_H 1
| #define HAVE_SYS_STAT_H 1
| #define HAVE_STDLIB_H 1
| #define HAVE_STRING_H 1
| #define HAVE_MEMORY_H 1
| #define HAVE_STRINGS_H 1
| #define HAVE_INTTYPES_H 1
| #define HAVE_STDINT_H 1
| #define HAVE_UNISTD_H 1
| /* end confdefs.h.  */
| #include <stdio.h>
| #ifdef HAVE_SYS_TYPES_H
| # include <sys/types.h>
| #endif
| #ifdef HAVE_SYS_STAT_H
| # include <sys/stat.h>
| #endif
| #ifdef STDC_HEADERS
| # include <stdlib.h>
| # include <stddef.h>
| #else
| # ifdef HAVE_STDLIB_H
| #  include <stdlib.h>
| # endif
| #endif
| #ifdef HAVE_STRING_H
| # if !defined STDC_HEADERS && defined HAVE_MEMORY_H
| #  include <memory.h>
| # endif
| # include <string.h>
| #endif
| #ifdef HAVE_STRINGS_H
| # include <strings.h>
| #endif
| #ifdef HAVE_INTTYPES_H
| # include <inttypes.h>
| #endif
| #ifdef HAVE_STDINT_H
| # include <stdint.h>
| #endif
| #ifdef HAVE_UNISTD_H
| # include <unistd.h>
| #endif
| #include <minix/config.h>
configure:3604: result: no
configure:3604: checking minix/config.h presence
configure:3604: gcc -E  conftest.c
conftest.c:19:26: fatal error: minix/config.h: No such file or directory
compilation terminated.
configure:3604: $? = 1
configure: failed program was:
| /* confdefs.h */
| #define PACKAGE_NAME "htop"
| #define PACKAGE_TARNAME "htop"
| #define PACKAGE_VERSION "2.0.1"
| #define PACKAGE_STRING "htop 2.0.1"
| #define PACKAGE_BUGREPORT "hisham@gobolinux.org"
| #define PACKAGE_URL ""
| #define STDC_HEADERS 1
| #define HAVE_SYS_TYPES_H 1
| #define HAVE_SYS_STAT_H 1
| #define HAVE_STDLIB_H 1
| #define HAVE_STRING_H 1
| #define HAVE_MEMORY_H 1
| #define HAVE_STRINGS_H 1
| #define HAVE_INTTYPES_H 1
| #define HAVE_STDINT_H 1
| #define HAVE_UNISTD_H 1
| /* end confdefs.h.  */
| #include <minix/config.h>
configure:3604: result: no
configure:3604: checking for minix/config.h
configure:3604: result: no
configure:3625: checking whether it is safe to define __EXTENSIONS__
configure:3643: gcc -c -g -O2  conftest.c >&5
configure:3643: $? = 0
configure:3650: result: yes
configure:3668: checking build system type
configure:3682: result: x86_64-pc-linux-gnu
configure:3702: checking host system type
configure:3715: result: x86_64-pc-linux-gnu
configure:3735: checking target system type
configure:3748: result: x86_64-pc-linux-gnu
configure:3791: checking for a BSD-compatible install
configure:3859: result: /usr/bin/install -c
configure:3870: checking whether build environment is sane
configure:3925: result: yes
configure:4073: checking for a thread-safe mkdir -p
configure:4112: result: /bin/mkdir -p
configure:4119: checking for gawk
configure:4135: found /usr/bin/gawk
configure:4146: result: gawk
configure:4157: checking whether make sets $(MAKE)
configure:4179: result: yes
configure:4209: checking for style of include used by make
configure:4237: result: GNU
configure:4271: checking whether make supports nested variables
configure:4288: result: yes
configure:4373: checking dependency style of gcc
configure:4484: result: gcc3
configure:4597: checking for gcc
configure:4624: result: gcc
configure:4853: checking for C compiler version
configure:4862: gcc --version >&5
gcc (Ubuntu 5.4.0-6ubuntu1~16.04.9) 5.4.0 20160609
Copyright (C) 2015 Free Software Foundation, Inc.
This is free software; see the source for copying conditions.  There is NO
warranty; not even for MERCHANTABILITY or FITNESS FOR A PARTICULAR PURPOSE.

configure:4873: $? = 0
configure:4862: gcc -v >&5
Using built-in specs.
COLLECT_GCC=gcc
COLLECT_LTO_WRAPPER=/usr/lib/gcc/x86_64-linux-gnu/5/lto-wrapper
Target: x86_64-linux-gnu
Configured with: ../src/configure -v --with-pkgversion='Ubuntu 5.4.0-6ubuntu1~16.04.9' --with-bugurl=file:///usr/share/doc/gcc-5/README.Bugs --enable-languages=c,ada,c++,java,go,d,fortran,objc,obj-c++ --prefix=/usr --program-suffix=-5 --enable-shared --enable-linker-build-id --libexecdir=/usr/lib --without-included-gettext --enable-threads=posix --libdir=/usr/lib --enable-nls --with-sysroot=/ --enable-clocale=gnu --enable-libstdcxx-debug --enable-libstdcxx-time=yes --with-default-libstdcxx-abi=new --enable-gnu-unique-object --disable-vtable-verify --enable-libmpx --enable-plugin --with-system-zlib --disable-browser-plugin --enable-java-awt=gtk --enable-gtk-cairo --with-java-home=/usr/lib/jvm/java-1.5.0-gcj-5-amd64/jre --enable-java-home --with-jvm-root-dir=/usr/lib/jvm/java-1.5.0-gcj-5-amd64 --with-jvm-jar-dir=/usr/lib/jvm-exports/java-1.5.0-gcj-5-amd64 --with-arch-directory=amd64 --with-ecj-jar=/usr/share/java/eclipse-ecj.jar --enable-objc-gc --enable-multiarch --disable-werror --with-arch-32=i686 --with-abi=m64 --with-multilib-list=m32,m64,mx32 --enable-multilib --with-tune=generic --enable-checking=release --build=x86_64-linux-gnu --host=x86_64-linux-gnu --target=x86_64-linux-gnu
Thread model: posix
gcc version 5.4.0 20160609 (Ubuntu 5.4.0-6ubuntu1~16.04.9) 
configure:4873: $? = 0
configure:4862: gcc -V >&5
gcc: error: unrecognized command line option '-V'
gcc: fatal error: no input files
compilation terminated.
configure:4873: $? = 1
configure:4862: gcc -qversion >&5
gcc: error: unrecognized command line option '-qversion'
gcc: fatal error: no input files
compilation terminated.
configure:4873: $? = 1
configure:4877: checking whether we are using the GNU C compiler
configure:4905: result: yes
configure:4914: checking whether gcc accepts -g
configure:4975: result: yes
configure:4992: checking for gcc option to accept ISO C89
configure:5068: result: none needed
configure:5093: checking whether gcc understands -c and -o together
configure:5130: result: yes
configure:5257: checking how to print strings
configure:5284: result: printf
configure:5305: checking for a sed that does not truncate output
configure:5369: result: /bin/sed
configure:5387: checking for fgrep
configure:5449: result: /bin/grep -F
configure:5484: checking for ld used by gcc
configure:5551: result: /usr/bin/ld
configure:5558: checking if the linker (/usr/bin/ld) is GNU ld
configure:5573: result: yes
configure:5585: checking for BSD- or MS-compatible name lister (nm)
configure:5639: result: /usr/bin/nm -B
configure:5769: checking the name lister (/usr/bin/nm -B) interface
configure:5776: gcc -c -g -O2  conftest.c >&5
configure:5779: /usr/bin/nm -B "conftest.o"
configure:5782: output
0000000000000000 B some_variable
configure:5789: result: BSD nm
configure:5792: checking whether ln -s works
configure:5796: result: yes
configure:5804: checking the maximum length of command line arguments
configure:5935: result: 1572864
configure:5983: checking how to convert x86_64-pc-linux-gnu file names to x86_64-pc-linux-gnu format
configure:6023: result: func_convert_file_noop
configure:6030: checking how to convert x86_64-pc-linux-gnu file names to toolchain format
configure:6050: result: func_convert_file_noop
configure:6057: checking for /usr/bin/ld option to reload object files
configure:6064: result: -r
configure:6138: checking for objdump
configure:6154: found /usr/bin/objdump
configure:6165: result: objdump
configure:6197: checking how to recognize dependent libraries
configure:6397: result: pass_all
configure:6482: checking for dlltool
configure:6512: result: no
configure:6542: checking how to associate runtime and link libraries
configure:6569: result: printf %s\n
configure:6629: checking for ar
configure:6645: found /usr/bin/ar
configure:6656: result: ar
configure:6693: checking for archiver @FILE support
configure:6710: gcc -c -g -O2  conftest.c >&5
configure:6710: $? = 0
configure:6713: ar cru libconftest.a @conftest.lst >&5
ar: `u' modifier ignored since `D' is the default (see `U')
configure:6716: $? = 0
configure:6721: ar cru libconftest.a @conftest.lst >&5
ar: `u' modifier ignored since `D' is the default (see `U')
ar: conftest.o: No such file or directory
configure:6724: $? = 1
configure:6736: result: @
configure:6794: checking for strip
configure:6810: found /usr/bin/strip
configure:6821: result: strip
configure:6893: checking for ranlib
configure:6909: found /usr/bin/ranlib
configure:6920: result: ranlib
configure:7022: checking command to parse /usr/bin/nm -B output from gcc object
configure:7175: gcc -c -g -O2  conftest.c >&5
configure:7178: $? = 0
configure:7182: /usr/bin/nm -B conftest.o \| sed -n -e 's/^.*[ ]\([ABCDGIRSTW][ABCDGIRSTW]*\)[ ][ ]*\([_A-Za-z][_A-Za-z0-9]*\)$/\1 \2 \2/p' | sed '/ __gnu_lto/d' \> conftest.nm
configure:7185: $? = 0
configure:7251: gcc -o conftest -g -O2   conftest.c conftstm.o >&5
configure:7254: $? = 0
configure:7292: result: ok
configure:7339: checking for sysroot
configure:7369: result: no
configure:7376: checking for a working dd
configure:7414: result: /bin/dd
configure:7418: checking how to truncate binary pipes
configure:7433: result: /bin/dd bs=4096 count=1
configure:7569: gcc -c -g -O2  conftest.c >&5
configure:7572: $? = 0
configure:7762: checking for mt
configure:7778: found /bin/mt
configure:7789: result: mt
configure:7812: checking if mt is a manifest tool
configure:7818: mt '-?'
configure:7826: result: no
configure:8500: checking for dlfcn.h
configure:8500: gcc -c -g -O2  conftest.c >&5
configure:8500: $? = 0
configure:8500: result: yes
configure:8696: checking for objdir
configure:8711: result: .libs
configure:8975: checking if gcc supports -fno-rtti -fno-exceptions
configure:8993: gcc -c -g -O2  -fno-rtti -fno-exceptions conftest.c >&5
cc1: warning: command line option '-fno-rtti' is valid for C++/ObjC++ but not for C
configure:8997: $? = 0
configure:9010: result: no
configure:9368: checking for gcc option to produce PIC
configure:9375: result: -fPIC -DPIC
configure:9383: checking if gcc PIC flag -fPIC -DPIC works
configure:9401: gcc -c -g -O2  -fPIC -DPIC -DPIC conftest.c >&5
configure:9405: $? = 0
configure:9418: result: yes
configure:9447: checking if gcc static flag -static works
configure:9475: result: yes
configure:9490: checking if gcc supports -c -o file.o
configure:9511: gcc -c -g -O2  -o out/conftest2.o conftest.c >&5
configure:9515: $? = 0
configure:9537: result: yes
configure:9545: checking if gcc supports -c -o file.o
configure:9592: result: yes
configure:9625: checking whether the gcc linker (/usr/bin/ld -m elf_x86_64) supports shared libraries
configure:10888: result: yes
configure:11128: checking dynamic linker characteristics
configure:11709: gcc -o conftest -g -O2   -Wl,-rpath -Wl,/foo conftest.c  >&5
configure:11709: $? = 0
configure:11958: result: GNU/Linux ld.so
configure:12080: checking how to hardcode library paths into programs
configure:12105: result: immediate
configure:12653: checking whether stripping libraries is possible
configure:12658: result: yes
configure:12693: checking if libtool supports shared libraries
configure:12695: result: yes
configure:12698: checking whether to build shared libraries
configure:12723: result: no
configure:12726: checking whether to build static libraries
configure:12730: result: yes
configure:12790: checking for ceil in -lm
configure:12815: gcc -o conftest -g -O2   conftest.c -lm   >&5
conftest.c:35:6: warning: conflicting types for built-in function 'ceil'
 char ceil ();
      ^
configure:12815: $? = 0
configure:12824: result: yes
configure:12843: checking for dirent.h that defines DIR
configure:12862: gcc -c -g -O2  conftest.c >&5
configure:12862: $? = 0
configure:12870: result: yes
configure:12883: checking for library containing opendir
configure:12914: gcc -o conftest -g -O2   conftest.c -lm  >&5
configure:12914: $? = 0
configure:12931: result: none required
configure:12998: checking for ANSI C header files
configure:13102: result: yes
configure:13113: checking for stdlib.h
configure:13113: result: yes
configure:13113: checking for string.h
configure:13113: result: yes
configure:13113: checking for strings.h
configure:13113: result: yes
configure:13113: checking sys/param.h usability
configure:13113: gcc -c -g -O2  conftest.c >&5
configure:13113: $? = 0
configure:13113: result: yes
configure:13113: checking sys/param.h presence
configure:13113: gcc -E  conftest.c
configure:13113: $? = 0
configure:13113: result: yes
configure:13113: checking for sys/param.h
configure:13113: result: yes
configure:13113: checking sys/time.h usability
configure:13113: gcc -c -g -O2  conftest.c >&5
configure:13113: $? = 0
configure:13113: result: yes
configure:13113: checking sys/time.h presence
configure:13113: gcc -E  conftest.c
configure:13113: $? = 0
configure:13113: result: yes
configure:13113: checking for sys/time.h
configure:13113: result: yes
configure:13113: checking for unistd.h
configure:13113: result: yes
configure:13129: checking execinfo.h usability
configure:13129: gcc -c -g -O2  conftest.c >&5
configure:13129: $? = 0
configure:13129: result: yes
configure:13129: checking execinfo.h presence
configure:13129: gcc -E  conftest.c
configure:13129: $? = 0
configure:13129: result: yes
configure:13129: checking for execinfo.h
configure:13129: result: yes
configure:13144: checking for stdbool.h that conforms to C99
configure:13211: gcc -c -g -O2  conftest.c >&5
configure:13211: $? = 0
configure:13218: result: yes
configure:13220: checking for _Bool
configure:13220: gcc -c -g -O2  conftest.c >&5
configure:13220: $? = 0
configure:13220: gcc -c -g -O2  conftest.c >&5
conftest.c: In function 'main':
conftest.c:74:20: error: expected expression before ')' token
 if (sizeof ((_Bool)))
                    ^
configure:13220: $? = 1
configure: failed program was:
| /* confdefs.h */
| #define PACKAGE_NAME "htop"
| #define PACKAGE_TARNAME "htop"
| #define PACKAGE_VERSION "2.0.1"
| #define PACKAGE_STRING "htop 2.0.1"
| #define PACKAGE_BUGREPORT "hisham@gobolinux.org"
| #define PACKAGE_URL ""
| #define STDC_HEADERS 1
| #define HAVE_SYS_TYPES_H 1
| #define HAVE_SYS_STAT_H 1
| #define HAVE_STDLIB_H 1
| #define HAVE_STRING_H 1
| #define HAVE_MEMORY_H 1
| #define HAVE_STRINGS_H 1
| #define HAVE_INTTYPES_H 1
| #define HAVE_STDINT_H 1
| #define HAVE_UNISTD_H 1
| #define __EXTENSIONS__ 1
| #define _ALL_SOURCE 1
| #define _GNU_SOURCE 1
| #define _POSIX_PTHREAD_SEMANTICS 1
| #define _TANDEM_SOURCE 1
| #define PACKAGE "htop"
| #define VERSION "2.0.1"
| #define HAVE_DLFCN_H 1
| #define LT_OBJDIR ".libs/"
| #define HAVE_LIBM 1
| #define HAVE_DIRENT_H 1
| #define STDC_HEADERS 1
| #define HAVE_STDLIB_H 1
| #define HAVE_STRING_H 1
| #define HAVE_STRINGS_H 1
| #define HAVE_SYS_PARAM_H 1
| #define HAVE_SYS_TIME_H 1
| #define HAVE_UNISTD_H 1
| #define HAVE_EXECINFO_H 1
| /* end confdefs.h.  */
| #include <stdio.h>
| #ifdef HAVE_SYS_TYPES_H
| # include <sys/types.h>
| #endif
| #ifdef HAVE_SYS_STAT_H
| # include <sys/stat.h>
| #endif
| #ifdef STDC_HEADERS
| # include <stdlib.h>
| # include <stddef.h>
| #else
| # ifdef HAVE_STDLIB_H
| #  include <stdlib.h>
| # endif
| #endif
| #ifdef HAVE_STRING_H
| # if !defined STDC_HEADERS && defined HAVE_MEMORY_H
| #  include <memory.h>
| # endif
| # include <string.h>
| #endif
| #ifdef HAVE_STRINGS_H
| # include <strings.h>
| #endif
| #ifdef HAVE_INTTYPES_H
| # include <inttypes.h>
| #endif
| #ifdef HAVE_STDINT_H
| # include <stdint.h>
| #endif
| #ifdef HAVE_UNISTD_H
| # include <unistd.h>
| #endif
| int
| main ()
| {
| if (sizeof ((_Bool)))
| 	    return 0;
|   ;
|   return 0;
| }
configure:13220: result: yes
configure:13237: checking for an ANSI C-conforming const
configure:13303: gcc -c -g -O2  conftest.c >&5
configure:13303: $? = 0
configure:13310: result: yes
configure:13318: checking for pid_t
configure:13318: gcc -c -g -O2  conftest.c >&5
configure:13318: $? = 0
configure:13318: gcc -c -g -O2  conftest.c >&5
conftest.c: In function 'main':
conftest.c:76:20: error: expected expression before ')' token
 if (sizeof ((pid_t)))
                    ^
configure:13318: $? = 1
configure: failed program was:
| /* confdefs.h */
| #define PACKAGE_NAME "htop"
| #define PACKAGE_TARNAME "htop"
| #define PACKAGE_VERSION "2.0.1"
| #define PACKAGE_STRING "htop 2.0.1"
| #define PACKAGE_BUGREPORT "hisham@gobolinux.org"
| #define PACKAGE_URL ""
| #define STDC_HEADERS 1
| #define HAVE_SYS_TYPES_H 1
| #define HAVE_SYS_STAT_H 1
| #define HAVE_STDLIB_H 1
| #define HAVE_STRING_H 1
| #define HAVE_MEMORY_H 1
| #define HAVE_STRINGS_H 1
| #define HAVE_INTTYPES_H 1
| #define HAVE_STDINT_H 1
| #define HAVE_UNISTD_H 1
| #define __EXTENSIONS__ 1
| #define _ALL_SOURCE 1
| #define _GNU_SOURCE 1
| #define _POSIX_PTHREAD_SEMANTICS 1
| #define _TANDEM_SOURCE 1
| #define PACKAGE "htop"
| #define VERSION "2.0.1"
| #define HAVE_DLFCN_H 1
| #define LT_OBJDIR ".libs/"
| #define HAVE_LIBM 1
| #define HAVE_DIRENT_H 1
| #define STDC_HEADERS 1
| #define HAVE_STDLIB_H 1
| #define HAVE_STRING_H 1
| #define HAVE_STRINGS_H 1
| #define HAVE_SYS_PARAM_H 1
| #define HAVE_SYS_TIME_H 1
| #define HAVE_UNISTD_H 1
| #define HAVE_EXECINFO_H 1
| #define HAVE__BOOL 1
| #define HAVE_STDBOOL_H 1
| /* end confdefs.h.  */
| #include <stdio.h>
| #ifdef HAVE_SYS_TYPES_H
| # include <sys/types.h>
| #endif
| #ifdef HAVE_SYS_STAT_H
| # include <sys/stat.h>
| #endif
| #ifdef STDC_HEADERS
| # include <stdlib.h>
| # include <stddef.h>
| #else
| # ifdef HAVE_STDLIB_H
| #  include <stdlib.h>
| # endif
| #endif
| #ifdef HAVE_STRING_H
| # if !defined STDC_HEADERS && defined HAVE_MEMORY_H
| #  include <memory.h>
| # endif
| # include <string.h>
| #endif
| #ifdef HAVE_STRINGS_H
| # include <strings.h>
| #endif
| #ifdef HAVE_INTTYPES_H
| # include <inttypes.h>
| #endif
| #ifdef HAVE_STDINT_H
| # include <stdint.h>
| #endif
| #ifdef HAVE_UNISTD_H
| # include <unistd.h>
| #endif
| int
| main ()
| {
| if (sizeof ((pid_t)))
| 	    return 0;
|   ;
|   return 0;
| }
configure:13318: result: yes
configure:13329: checking for uid_t in sys/types.h
configure:13348: result: yes
configure:13362: checking whether closedir returns void
configure:13386: gcc -o conftest -g -O2   conftest.c -lm  >&5
configure:13386: $? = 0
configure:13386: ./conftest
configure:13386: $? = 0
configure:13396: result: no
configure:13404: checking return type of signal handlers
configure:13422: gcc -c -g -O2  conftest.c >&5
conftest.c: In function 'main':
conftest.c:46:9: error: void value not ignored as it ought to be
 return *(signal (0, 0)) (0) == 1;
         ^
configure:13422: $? = 1
configure: failed program was:
| /* confdefs.h */
| #define PACKAGE_NAME "htop"
| #define PACKAGE_TARNAME "htop"
| #define PACKAGE_VERSION "2.0.1"
| #define PACKAGE_STRING "htop 2.0.1"
| #define PACKAGE_BUGREPORT "hisham@gobolinux.org"
| #define PACKAGE_URL ""
| #define STDC_HEADERS 1
| #define HAVE_SYS_TYPES_H 1
| #define HAVE_SYS_STAT_H 1
| #define HAVE_STDLIB_H 1
| #define HAVE_STRING_H 1
| #define HAVE_MEMORY_H 1
| #define HAVE_STRINGS_H 1
| #define HAVE_INTTYPES_H 1
| #define HAVE_STDINT_H 1
| #define HAVE_UNISTD_H 1
| #define __EXTENSIONS__ 1
| #define _ALL_SOURCE 1
| #define _GNU_SOURCE 1
| #define _POSIX_PTHREAD_SEMANTICS 1
| #define _TANDEM_SOURCE 1
| #define PACKAGE "htop"
| #define VERSION "2.0.1"
| #define HAVE_DLFCN_H 1
| #define LT_OBJDIR ".libs/"
| #define HAVE_LIBM 1
| #define HAVE_DIRENT_H 1
| #define STDC_HEADERS 1
| #define HAVE_STDLIB_H 1
| #define HAVE_STRING_H 1
| #define HAVE_STRINGS_H 1
| #define HAVE_SYS_PARAM_H 1
| #define HAVE_SYS_TIME_H 1
| #define HAVE_UNISTD_H 1
| #define HAVE_EXECINFO_H 1
| #define HAVE__BOOL 1
| #define HAVE_STDBOOL_H 1
| /* end confdefs.h.  */
| #include <sys/types.h>
| #include <signal.h>
| 
| int
| main ()
| {
| return *(signal (0, 0)) (0) == 1;
|   ;
|   return 0;
| }
configure:13429: result: void
configure:13437: checking whether lstat correctly handles trailing slash
configure:13463: gcc -o conftest -g -O2   conftest.c -lm  >&5
configure:13463: $? = 0
configure:13463: ./conftest
configure:13463: $? = 0
configure:13480: result: yes
configure:13499: checking whether stat accepts an empty string
configure:13519: gcc -o conftest -g -O2   conftest.c -lm  >&5
configure:13519: $? = 0
configure:13519: ./conftest
configure:13519: $? = 0
configure:13529: result: no
configure:13548: checking for memmove
configure:13548: gcc -o conftest -g -O2   conftest.c -lm  >&5
conftest.c:65:6: warning: conflicting types for built-in function 'memmove'
 char memmove ();
      ^
configure:13548: $? = 0
configure:13548: result: yes
configure:13548: checking for strncasecmp
configure:13548: gcc -o conftest -g -O2   conftest.c -lm  >&5
conftest.c:66:6: warning: conflicting types for built-in function 'strncasecmp'
 char strncasecmp ();
      ^
configure:13548: $? = 0
configure:13548: result: yes
configure:13548: checking for strstr
configure:13548: gcc -o conftest -g -O2   conftest.c -lm  >&5
conftest.c:67:6: warning: conflicting types for built-in function 'strstr'
 char strstr ();
      ^
configure:13548: $? = 0
configure:13548: result: yes
configure:13548: checking for strdup
configure:13548: gcc -o conftest -g -O2   conftest.c -lm  >&5
conftest.c:68:6: warning: conflicting types for built-in function 'strdup'
 char strdup ();
      ^
configure:13548: $? = 0
configure:13548: result: yes
configure:13560: checking whether gcc -std=c99 option works
configure:13573: gcc -c -g -O2 -std=c99  conftest.c >&5
configure:13573: $? = 0
configure:13574: result: yes
configure:13584: checking if compiler supports -Wextra
configure:13597: gcc -c -g -O2 -Wextra  conftest.c >&5
configure:13597: $? = 0
configure:13600: result: yes
configure:13845: checking for addnwstr in -lncursesw
configure:13870: gcc -o conftest -g -O2  -lncursesw -ltinfo  conftest.c -lncursesw  -lm  >&5
configure:13870: $? = 0
configure:13879: result: yes
configure:14105: checking ncursesw/curses.h usability
configure:14105: gcc -c -g -O2  conftest.c >&5
configure:14105: $? = 0
configure:14105: result: yes
configure:14105: checking ncursesw/curses.h presence
configure:14105: gcc -E  conftest.c
configure:14105: $? = 0
configure:14105: result: yes
configure:14105: checking for ncursesw/curses.h
configure:14105: result: yes
configure:14533: checking for usable sched_setaffinity
configure:14561: gcc -o conftest -g -O2   conftest.c -lncursesw -ltinfo -lm   >&5
configure:14561: $? = 0
configure:14561: ./conftest
configure:14561: $? = 0
configure:14562: result: yes
configure:14821: checking that generated files are newer than configure
configure:14827: result: done
configure:14870: creating ./config.status

## ---------------------- ##
## Running config.status. ##
## ---------------------- ##

This file was extended by htop config.status 2.0.1, which was
generated by GNU Autoconf 2.69.  Invocation command line was

  CONFIG_FILES    = 
  CONFIG_HEADERS  = 
  CONFIG_LINKS    = 
  CONFIG_COMMANDS = 
  $ ./config.status 

on tbc

config.status:1130: creating Makefile
config.status:1130: creating htop.1
config.status:1130: creating config.h
config.status:1311: config.h is unchanged
config.status:1359: executing depfiles commands
config.status:1359: executing libtool commands

## ---------------- ##
## Cache variables. ##
## ---------------- ##

ac_cv_build=x86_64-pc-linux-gnu
ac_cv_c_compiler_gnu=yes
ac_cv_c_const=yes
ac_cv_env_CC_set=
ac_cv_env_CC_value=
ac_cv_env_CFLAGS_set=
ac_cv_env_CFLAGS_value=
ac_cv_env_CPPFLAGS_set=
ac_cv_env_CPPFLAGS_value=
ac_cv_env_CPP_set=
ac_cv_env_CPP_value=
ac_cv_env_LDFLAGS_set=
ac_cv_env_LDFLAGS_value=
ac_cv_env_LIBS_set=
ac_cv_env_LIBS_value=
ac_cv_env_LT_SYS_LIBRARY_PATH_set=
ac_cv_env_LT_SYS_LIBRARY_PATH_value=
ac_cv_env_build_alias_set=
ac_cv_env_build_alias_value=
ac_cv_env_host_alias_set=
ac_cv_env_host_alias_value=
ac_cv_env_target_alias_set=
ac_cv_env_target_alias_value=
ac_cv_func_closedir_void=no
ac_cv_func_lstat_dereferences_slashed_symlink=yes
ac_cv_func_memmove=yes
ac_cv_func_stat_empty_string_bug=no
ac_cv_func_strdup=yes
ac_cv_func_strncasecmp=yes
ac_cv_func_strstr=yes
ac_cv_header_dirent_dirent_h=yes
ac_cv_header_dlfcn_h=yes
ac_cv_header_execinfo_h=yes
ac_cv_header_inttypes_h=yes
ac_cv_header_memory_h=yes
ac_cv_header_minix_config_h=no
ac_cv_header_ncursesw_curses_h=yes
ac_cv_header_stdbool_h=yes
ac_cv_header_stdc=yes
ac_cv_header_stdint_h=yes
ac_cv_header_stdlib_h=yes
ac_cv_header_string_h=yes
ac_cv_header_strings_h=yes
ac_cv_header_sys_param_h=yes
ac_cv_header_sys_stat_h=yes
ac_cv_header_sys_time_h=yes
ac_cv_header_sys_types_h=yes
ac_cv_header_unistd_h=yes
ac_cv_host=x86_64-pc-linux-gnu
ac_cv_lib_m_ceil=yes
ac_cv_lib_ncursesw_addnwstr=yes
ac_cv_objext=o
ac_cv_path_EGREP='/bin/grep -E'
ac_cv_path_FGREP='/bin/grep -F'
ac_cv_path_GREP=/bin/grep
ac_cv_path_SED=/bin/sed
ac_cv_path_install='/usr/bin/install -c'
ac_cv_path_lt_DD=/bin/dd
ac_cv_path_mkdir=/bin/mkdir
ac_cv_prog_AWK=gawk
ac_cv_prog_CPP='gcc -E'
ac_cv_prog_ac_ct_AR=ar
ac_cv_prog_ac_ct_CC=gcc
ac_cv_prog_ac_ct_MANIFEST_TOOL=mt
ac_cv_prog_ac_ct_OBJDUMP=objdump
ac_cv_prog_ac_ct_RANLIB=ranlib
ac_cv_prog_ac_ct_STRIP=strip
ac_cv_prog_cc_c89=
ac_cv_prog_cc_g=yes
ac_cv_prog_make_make_set=yes
ac_cv_safe_to_define___extensions__=yes
ac_cv_search_opendir='none required'
ac_cv_target=x86_64-pc-linux-gnu
ac_cv_type__Bool=yes
ac_cv_type_pid_t=yes
ac_cv_type_signal=void
ac_cv_type_uid_t=yes
am_cv_CC_dependencies_compiler_type=gcc3
am_cv_make_support_nested_variables=yes
am_cv_prog_cc_c_o=yes
lt_cv_ar_at_file=@
lt_cv_deplibs_check_method=pass_all
lt_cv_file_magic_cmd='$MAGIC_CMD'
lt_cv_file_magic_test_file=
lt_cv_ld_reload_flag=-r
lt_cv_nm_interface='BSD nm'
lt_cv_objdir=.libs
lt_cv_path_LD=/usr/bin/ld
lt_cv_path_NM='/usr/bin/nm -B'
lt_cv_path_mainfest_tool=no
lt_cv_prog_compiler_c_o=yes
lt_cv_prog_compiler_pic='-fPIC -DPIC'
lt_cv_prog_compiler_pic_works=yes
lt_cv_prog_compiler_rtti_exceptions=no
lt_cv_prog_compiler_static_works=yes
lt_cv_prog_gnu_ld=yes
lt_cv_sharedlib_from_linklib_cmd='printf %s\n'
lt_cv_shlibpath_overrides_runpath=no
lt_cv_sys_global_symbol_pipe='sed -n -e '\''s/^.*[	 ]\([ABCDGIRSTW][ABCDGIRSTW]*\)[	 ][	 ]*\([_A-Za-z][_A-Za-z0-9]*\)$/\1 \2 \2/p'\'' | sed '\''/ __gnu_lto/d'\'''
lt_cv_sys_global_symbol_to_c_name_address='sed -n -e '\''s/^: \(.*\) .*$/  {"\1", (void *) 0},/p'\'' -e '\''s/^[ABCDGIRSTW][ABCDGIRSTW]* .* \(.*\)$/  {"\1", (void *) \&\1},/p'\'''
lt_cv_sys_global_symbol_to_c_name_address_lib_prefix='sed -n -e '\''s/^: \(.*\) .*$/  {"\1", (void *) 0},/p'\'' -e '\''s/^[ABCDGIRSTW][ABCDGIRSTW]* .* \(lib.*\)$/  {"\1", (void *) \&\1},/p'\'' -e '\''s/^[ABCDGIRSTW][ABCDGIRSTW]* .* \(.*\)$/  {"lib\1", (void *) \&\1},/p'\'''
lt_cv_sys_global_symbol_to_cdecl='sed -n -e '\''s/^T .* \(.*\)$/extern int \1();/p'\'' -e '\''s/^[ABCDGIRSTW][ABCDGIRSTW]* .* \(.*\)$/extern char \1;/p'\'''
lt_cv_sys_global_symbol_to_import=
lt_cv_sys_max_cmd_len=1572864
lt_cv_to_host_file_cmd=func_convert_file_noop
lt_cv_to_tool_file_cmd=func_convert_file_noop
lt_cv_truncate_bin='/bin/dd bs=4096 count=1'

## ----------------- ##
## Output variables. ##
## ----------------- ##

ACLOCAL='${SHELL} /home/tbc/Desktop/pcp_htop/htop-2.0.1/missing aclocal-1.15'
AMDEPBACKSLASH='\'
AMDEP_FALSE='#'
AMDEP_TRUE=''
AMTAR='$${TAR-tar}'
AM_BACKSLASH='\'
AM_DEFAULT_V='$(AM_DEFAULT_VERBOSITY)'
AM_DEFAULT_VERBOSITY='1'
AM_V='$(V)'
AR='ar'
AUTOCONF='${SHELL} /home/tbc/Desktop/pcp_htop/htop-2.0.1/missing autoconf'
AUTOHEADER='${SHELL} /home/tbc/Desktop/pcp_htop/htop-2.0.1/missing autoheader'
AUTOMAKE='${SHELL} /home/tbc/Desktop/pcp_htop/htop-2.0.1/missing automake-1.15'
AWK='gawk'
CC='gcc'
CCDEPMODE='depmode=gcc3'
CFLAGS='-g -O2'
CPP='gcc -E'
CPPFLAGS=''
CYGPATH_W='echo'
DEFS='-DHAVE_CONFIG_H'
DEPDIR='.deps'
DLLTOOL='false'
DSYMUTIL=''
DUMPBIN=''
ECHO_C=''
ECHO_N='-n'
ECHO_T=''
EGREP='/bin/grep -E'
EXEEXT=''
FGREP='/bin/grep -F'
GREP='/bin/grep'
HTOP_DARWIN_FALSE=''
HTOP_DARWIN_TRUE='#'
HTOP_FREEBSD_FALSE=''
HTOP_FREEBSD_TRUE='#'
HTOP_LINUX_FALSE='#'
HTOP_LINUX_TRUE=''
HTOP_OPENBSD_FALSE=''
HTOP_OPENBSD_TRUE='#'
HTOP_UNSUPPORTED_FALSE=''
HTOP_UNSUPPORTED_TRUE='#'
INSTALL_DATA='${INSTALL} -m 644'
INSTALL_PROGRAM='${INSTALL}'
INSTALL_SCRIPT='${INSTALL}'
INSTALL_STRIP_PROGRAM='$(install_sh) -c -s'
LD='/usr/bin/ld -m elf_x86_64'
LDFLAGS=''
LIBOBJS=''
LIBS='-lncursesw -ltinfo -lm  '
LIBTOOL='$(SHELL) $(top_builddir)/libtool'
LIPO=''
LN_S='ln -s'
LTLIBOBJS=''
LT_SYS_LIBRARY_PATH=''
MAKEINFO='${SHELL} /home/tbc/Desktop/pcp_htop/htop-2.0.1/missing makeinfo'
MANIFEST_TOOL=':'
MKDIR_P='/bin/mkdir -p'
NM='/usr/bin/nm -B'
NMEDIT=''
OBJDUMP='objdump'
OBJEXT='o'
OTOOL64=''
OTOOL=''
PACKAGE='htop'
PACKAGE_BUGREPORT='hisham@gobolinux.org'
PACKAGE_NAME='htop'
PACKAGE_STRING='htop 2.0.1'
PACKAGE_TARNAME='htop'
PACKAGE_URL=''
PACKAGE_VERSION='2.0.1'
PATH_SEPARATOR=':'
RANLIB='ranlib'
SED='/bin/sed'
SET_MAKE=''
SHELL='/bin/bash'
STRIP='strip'
VERSION='2.0.1'
ac_ct_AR='ar'
ac_ct_CC='gcc'
ac_ct_DUMPBIN=''
am__EXEEXT_FALSE=''
am__EXEEXT_TRUE='#'
am__fastdepCC_FALSE='#'
am__fastdepCC_TRUE=''
am__include='include'
am__isrc=''
am__leading_dot='.'
am__nodep='_no'
am__quote=''
am__tar='$${TAR-tar} chof - "$$tardir"'
am__untar='$${TAR-tar} xf -'
bindir='${exec_prefix}/bin'
build='x86_64-pc-linux-gnu'
build_alias=''
build_cpu='x86_64'
build_os='linux-gnu'
build_vendor='pc'
datadir='${datarootdir}'
datarootdir='${prefix}/share'
docdir='${datarootdir}/doc/${PACKAGE_TARNAME}'
dvidir='${docdir}'
exec_prefix='${prefix}'
host='x86_64-pc-linux-gnu'
host_alias=''
host_cpu='x86_64'
host_os='linux-gnu'
host_vendor='pc'
htmldir='${docdir}'
includedir='${prefix}/include'
infodir='${datarootdir}/info'
install_sh='${SHELL} /home/tbc/Desktop/pcp_htop/htop-2.0.1/install-sh'
libdir='${exec_prefix}/lib'
libexecdir='${exec_prefix}/libexec'
localedir='${datarootdir}/locale'
localstatedir='${prefix}/var'
mandir='${datarootdir}/man'
mkdir_p='$(MKDIR_P)'
my_htop_platform='linux'
oldincludedir='/usr/include'
pdfdir='${docdir}'
prefix='/usr/local'
program_transform_name='s,x,x,'
psdir='${docdir}'
runstatedir='${localstatedir}/run'
sbindir='${exec_prefix}/sbin'
sharedstatedir='${prefix}/com'
sysconfdir='${prefix}/etc'
target='x86_64-pc-linux-gnu'
target_alias=''
target_cpu='x86_64'
target_os='linux-gnu'
target_vendor='pc'
wextra_flag='-Wextra'

## ----------- ##
## confdefs.h. ##
## ----------- ##

/* confdefs.h */
#define PACKAGE_NAME "htop"
#define PACKAGE_TARNAME "htop"
#define PACKAGE_VERSION "2.0.1"
#define PACKAGE_STRING "htop 2.0.1"
#define PACKAGE_BUGREPORT "hisham@gobolinux.org"
#define PACKAGE_URL ""
#define STDC_HEADERS 1
#define HAVE_SYS_TYPES_H 1
#define HAVE_SYS_STAT_H 1
#define HAVE_STDLIB_H 1
#define HAVE_STRING_H 1
#define HAVE_MEMORY_H 1
#define HAVE_STRINGS_H 1
#define HAVE_INTTYPES_H 1
#define HAVE_STDINT_H 1
#define HAVE_UNISTD_H 1
#define __EXTENSIONS__ 1
#define _ALL_SOURCE 1
#define _GNU_SOURCE 1
#define _POSIX_PTHREAD_SEMANTICS 1
#define _TANDEM_SOURCE 1
#define PACKAGE "htop"
#define VERSION "2.0.1"
#define HAVE_DLFCN_H 1
#define LT_OBJDIR ".libs/"
#define HAVE_LIBM 1
#define HAVE_DIRENT_H 1
#define STDC_HEADERS 1
#define HAVE_STDLIB_H 1
#define HAVE_STRING_H 1
#define HAVE_STRINGS_H 1
#define HAVE_SYS_PARAM_H 1
#define HAVE_SYS_TIME_H 1
#define HAVE_UNISTD_H 1
#define HAVE_EXECINFO_H 1
#define HAVE__BOOL 1
#define HAVE_STDBOOL_H 1
#define RETSIGTYPE void
#define LSTAT_FOLLOWS_SLASHED_SYMLINK 1
#define HAVE_MEMMOVE 1
#define HAVE_STRNCASECMP 1
#define HAVE_STRSTR 1
#define HAVE_STRDUP 1
#define PROCDIR "/proc"
#define HAVE_TASKSTATS 1
#define HAVE_LIBNCURSESW 1
#define HAVE_NCURSESW_CURSES_H 1
#define HAVE_LINUX_AFFINITY 1
#define COPYRIGHT "(C) 2004-2018 Hisham Muhammad"

configure: exit 0
